2015-12-25 09:30:49 Notice: Notice (8): Undefined variable: bookmarks in [C:\wamp\www\videoLibrary\src\Template\Videos\tags.ctp, line 7]
Trace:
Cake\Error\BaseErrorHandler::handleError() - CORE\src\Error\BaseErrorHandler.php, line 140
include - APP/Template\Videos\tags.ctp, line 7
Cake\View\View::_evaluate() - CORE\src\View\View.php, line 984
Cake\View\View::_render() - CORE\src\View\View.php, line 944
Cake\View\View::render() - CORE\src\View\View.php, line 579
Cake\Controller\Controller::render() - CORE\src\Controller\Controller.php, line 611
Cake\Routing\Dispatcher::_invoke() - CORE\src\Routing\Dispatcher.php, line 120
Cake\Routing\Dispatcher::dispatch() - CORE\src\Routing\Dispatcher.php, line 87
[main] - ROOT\webroot\index.php, line 37



2015-12-25 09:30:57 Notice: Notice (8): Undefined variable: bookmarks in [C:\wamp\www\videoLibrary\src\Template\Videos\tags.ctp, line 7]
Trace:
Cake\Error\BaseErrorHandler::handleError() - CORE\src\Error\BaseErrorHandler.php, line 140
include - APP/Template\Videos\tags.ctp, line 7
Cake\View\View::_evaluate() - CORE\src\View\View.php, line 984
Cake\View\View::_render() - CORE\src\View\View.php, line 944
Cake\View\View::render() - CORE\src\View\View.php, line 579
Cake\Controller\Controller::render() - CORE\src\Controller\Controller.php, line 611
Cake\Routing\Dispatcher::_invoke() - CORE\src\Routing\Dispatcher.php, line 120
Cake\Routing\Dispatcher::dispatch() - CORE\src\Routing\Dispatcher.php, line 87
[main] - ROOT\webroot\index.php, line 37



2015-12-25 11:21:38 Notice: Notice (8): Array to string conversion in [C:\wamp\www\videoLibrary\src\Controller\VideosController.php, line 113]
Trace:
Cake\Error\BaseErrorHandler::handleError() - CORE\src\Error\BaseErrorHandler.php, line 140
App\Controller\VideosController::tags() - APP/Controller\VideosController.php, line 113
Cake\Controller\Controller::invokeAction() - CORE\src\Controller\Controller.php, line 429
Cake\Routing\Dispatcher::_invoke() - CORE\src\Routing\Dispatcher.php, line 114
Cake\Routing\Dispatcher::dispatch() - CORE\src\Routing\Dispatcher.php, line 87
[main] - ROOT\webroot\index.php, line 37



2015-12-25 11:21:51 Notice: Notice (8): Array to string conversion in [C:\wamp\www\videoLibrary\src\Controller\VideosController.php, line 113]
Trace:
Cake\Error\BaseErrorHandler::handleError() - CORE\src\Error\BaseErrorHandler.php, line 140
App\Controller\VideosController::tags() - APP/Controller\VideosController.php, line 113
Cake\Controller\Controller::invokeAction() - CORE\src\Controller\Controller.php, line 429
Cake\Routing\Dispatcher::_invoke() - CORE\src\Routing\Dispatcher.php, line 114
Cake\Routing\Dispatcher::dispatch() - CORE\src\Routing\Dispatcher.php, line 87
[main] - ROOT\webroot\index.php, line 37



